# JRE version: OpenJDK Runtime Environment (17.0.9) (build 17.0.9+0--11185874)
# Java VM: OpenJDK 64-Bit Server VM (17.0.9+0--11185874, mixed mode, tiered, compressed oops, compressed class ptrs, g1 gc, windows-amd64)
GC Precious Log:
 CPUs: 8 total, 8 available
 Memory: 16190M
 Large Page Support: Disabled
 NUMA Support: Disabled
 Compressed Oops: Enabled (Zero based)
 Heap Region Size: 2M
 Heap Min Capacity: 8M
 Heap Initial Capacity: 254M
 Heap Max Capacity: 4048M
 Pre-touch: Disabled
 Parallel Workers: 8
 Concurrent Workers: 2
 Concurrent Refinement Workers: 8
 Periodic GC: Disabled
Heap:
 garbage-first heap   total 40960K, used 21352K [0x0000000703000000, 0x0000000800000000)
  region size 2048K, 4 young (8192K), 1 survivors (2048K)
 Metaspace       used 40036K, committed 40384K, reserved 1114112K
  class space    used 4504K, committed 4672K, reserved 1048576K
GC Heap History (14 events):
Event: 1.690 GC heap before
{Heap before GC invocations=0 (full 0):
 garbage-first heap   total 260096K, used 20480K [0x0000000703000000, 0x0000000800000000)
  region size 2048K, 11 young (22528K), 0 survivors (0K)
 Metaspace       used 16476K, committed 16640K, reserved 1114112K
  class space    used 1677K, committed 1728K, reserved 1048576K
}
Event: 1.696 GC heap after
{Heap after GC invocations=1 (full 0):
 garbage-first heap   total 260096K, used 4967K [0x0000000703000000, 0x0000000800000000)
  region size 2048K, 2 young (4096K), 2 survivors (4096K)
 Metaspace       used 16476K, committed 16640K, reserved 1114112K
  class space    used 1677K, committed 1728K, reserved 1048576K
}
Event: 2.489 GC heap before
{Heap before GC invocations=1 (full 0):
 garbage-first heap   total 260096K, used 17255K [0x0000000703000000, 0x0000000800000000)
  region size 2048K, 10 young (20480K), 2 survivors (4096K)
 Metaspace       used 21264K, committed 21504K, reserved 1114112K
  class space    used 2164K, committed 2304K, reserved 1048576K
}
Event: 2.496 GC heap after
{Heap after GC invocations=2 (full 0):
 garbage-first heap   total 260096K, used 7507K [0x0000000703000000, 0x0000000800000000)
  region size 2048K, 2 young (4096K), 2 survivors (4096K)
 Metaspace       used 21264K, committed 21504K, reserved 1114112K
  class space    used 2164K, committed 2304K, reserved 1048576K
}
Event: 3.545 GC heap before
{Heap before GC invocations=3 (full 0):
 garbage-first heap   total 40960K, used 25939K [0x0000000703000000, 0x0000000800000000)
  region size 2048K, 12 young (24576K), 2 survivors (4096K)
 Metaspace       used 28037K, committed 28224K, reserved 1114112K
  class space    used 3019K, committed 3072K, reserved 1048576K
}
Event: 3.553 GC heap after
{Heap after GC invocations=4 (full 0):
 garbage-first heap   total 40960K, used 9787K [0x0000000703000000, 0x0000000800000000)
  region size 2048K, 2 young (4096K), 2 survivors (4096K)
 Metaspace       used 28037K, committed 28224K, reserved 1114112K
  class space    used 3019K, committed 3072K, reserved 1048576K
}
Event: 3.591 GC heap before
{Heap before GC invocations=4 (full 0):
 garbage-first heap   total 40960K, used 11835K [0x0000000703000000, 0x0000000800000000)
  region size 2048K, 3 young (6144K), 2 survivors (4096K)
 Metaspace       used 28649K, committed 28864K, reserved 1114112K
  class space    used 3100K, committed 3200K, reserved 1048576K
}
Event: 3.595 GC heap after
{Heap after GC invocations=5 (full 0):
 garbage-first heap   total 40960K, used 10026K [0x0000000703000000, 0x0000000800000000)
  region size 2048K, 1 young (2048K), 1 survivors (2048K)
 Metaspace       used 28649K, committed 28864K, reserved 1114112K
  class space    used 3100K, committed 3200K, reserved 1048576K
}
Event: 4.175 GC heap before
{Heap before GC invocations=5 (full 0):
 garbage-first heap   total 40960K, used 26410K [0x0000000703000000, 0x0000000800000000)
  region size 2048K, 9 young (18432K), 1 survivors (2048K)
 Metaspace       used 34338K, committed 34560K, reserved 1114112K
  class space    used 3813K, committed 3904K, reserved 1048576K
}
Event: 4.180 GC heap after
{Heap after GC invocations=6 (full 0):
 garbage-first heap   total 40960K, used 11644K [0x0000000703000000, 0x0000000800000000)
  region size 2048K, 1 young (2048K), 1 survivors (2048K)
 Metaspace       used 34338K, committed 34560K, reserved 1114112K
  class space    used 3813K, committed 3904K, reserved 1048576K
}
Event: 4.310 GC heap before
{Heap before GC invocations=6 (full 0):
 garbage-first heap   total 40960K, used 19836K [0x0000000703000000, 0x0000000800000000)
  region size 2048K, 4 young (8192K), 1 survivors (2048K)
 Metaspace       used 35969K, committed 36224K, reserved 1114112K
  class space    used 4010K, committed 4096K, reserved 1048576K
}
Event: 4.314 GC heap after
{Heap after GC invocations=7 (full 0):
 garbage-first heap   total 40960K, used 16076K [0x0000000703000000, 0x0000000800000000)
  region size 2048K, 2 young (4096K), 2 survivors (4096K)
 Metaspace       used 35969K, committed 36224K, reserved 1114112K
  class space    used 4010K, committed 4096K, reserved 1048576K
}
Event: 16.380 GC heap before
{Heap before GC invocations=8 (full 0):
 garbage-first heap   total 40960K, used 26316K [0x0000000703000000, 0x0000000800000000)
  region size 2048K, 8 young (16384K), 2 survivors (4096K)
 Metaspace       used 38885K, committed 39360K, reserved 1114112K
  class space    used 4394K, committed 4608K, reserved 1048576K
}
Event: 16.385 GC heap after
{Heap after GC invocations=9 (full 0):
 garbage-first heap   total 40960K, used 17256K [0x0000000703000000, 0x0000000800000000)
  region size 2048K, 1 young (2048K), 1 survivors (2048K)
 Metaspace       used 38885K, committed 39360K, reserved 1114112K
  class space    used 4394K, committed 4608K, reserved 1048576K
}

